[debug] [2021-11-07T19:23:57.717Z] ----------------------------------------------------------------------
[debug] [2021-11-07T19:23:57.719Z] Command:       /usr/local/bin/node /usr/local/bin/firebase init
[debug] [2021-11-07T19:23:57.719Z] CLI Version:   9.22.0
[debug] [2021-11-07T19:23:57.719Z] Platform:      linux
[debug] [2021-11-07T19:23:57.719Z] Node Version:  v17.0.1
[debug] [2021-11-07T19:23:57.720Z] Time:          Sun Nov 07 2021 22:23:57 GMT+0300 (Moscow Standard Time)
[debug] [2021-11-07T19:23:57.720Z] ----------------------------------------------------------------------
[debug] 
[debug] [2021-11-07T19:23:57.725Z] > command requires scopes: ["email","openid","https://www.googleapis.com/auth/cloudplatformprojects.readonly","https://www.googleapis.com/auth/firebase","https://www.googleapis.com/auth/cloud-platform"]
[debug] [2021-11-07T19:23:57.725Z] > authorizing via signed-in user (s2000promax@gmail.com)
[info] 
     ######## #### ########  ######## ########     ###     ######  ########
     ##        ##  ##     ## ##       ##     ##  ##   ##  ##       ##
     ######    ##  ########  ######   ########  #########  ######  ######
     ##        ##  ##    ##  ##       ##     ## ##     ##       ## ##
     ##       #### ##     ## ######## ########  ##     ##  ######  ########

You're about to initialize a Firebase project in this directory:

  /home/designer/GitHub/react-quiz

[info] 
=== Project Setup
[info] 
[info] First, let's associate this project directory with a Firebase project.
[info] You can create multiple project aliases by running firebase use --add, 
[info] but for now we'll just set up a default project.
[info] 
[debug] [2021-11-07T19:27:14.610Z] >>> [apiv2][query] GET https://firebase.googleapis.com/v1beta1/projects pageSize=100
[debug] [2021-11-07T19:27:15.191Z] <<< [apiv2][status] GET https://firebase.googleapis.com/v1beta1/projects 200
[debug] [2021-11-07T19:27:15.192Z] <<< [apiv2][body] GET https://firebase.googleapis.com/v1beta1/projects [omitted]
[info] i  Using project react-quize-fa158 (react-quize) 
[info] 
=== Database Setup
[info] i  database: ensuring required API firebasedatabase.googleapis.com is enabled... 
[debug] [2021-11-07T19:27:30.568Z] > refreshing access token with scopes: ["email","https://www.googleapis.com/auth/cloud-platform","https://www.googleapis.com/auth/cloudplatformprojects.readonly","https://www.googleapis.com/auth/firebase","openid"]
[debug] [2021-11-07T19:27:30.569Z] >>> HTTP REQUEST POST https://www.googleapis.com/oauth2/v3/token  
 <request body omitted>
[debug] [2021-11-07T19:27:30.652Z] <<< HTTP RESPONSE 200 {"expires":"Mon, 01 Jan 1990 00:00:00 GMT","pragma":"no-cache","date":"Sun, 07 Nov 2021 19:27:30 GMT","cache-control":"no-cache, no-store, max-age=0, must-revalidate","content-type":"application/json; charset=utf-8","vary":"X-Origin, Referer, Origin,Accept-Encoding","server":"scaffolding on HTTPServer2","x-xss-protection":"0","x-frame-options":"SAMEORIGIN","x-content-type-options":"nosniff","alt-svc":"h3=\":443\"; ma=2592000,h3-29=\":443\"; ma=2592000,h3-Q050=\":443\"; ma=2592000,h3-Q046=\":443\"; ma=2592000,h3-Q043=\":443\"; ma=2592000,quic=\":443\"; ma=2592000; v=\"46,43\"","accept-ranges":"none","transfer-encoding":"chunked"}
[debug] [2021-11-07T19:27:30.773Z] >>> HTTP REQUEST GET https://serviceusage.googleapis.com/v1/projects/react-quize-fa158/services/firebasedatabase.googleapis.com  
 
[debug] [2021-11-07T19:27:31.856Z] <<< HTTP RESPONSE 200 {"content-type":"application/json; charset=UTF-8","vary":"X-Origin, Referer, Origin,Accept-Encoding","date":"Sun, 07 Nov 2021 19:27:31 GMT","server":"ESF","cache-control":"private","x-xss-protection":"0","x-frame-options":"SAMEORIGIN","x-content-type-options":"nosniff","alt-svc":"h3=\":443\"; ma=2592000,h3-29=\":443\"; ma=2592000,h3-Q050=\":443\"; ma=2592000,h3-Q046=\":443\"; ma=2592000,h3-Q043=\":443\"; ma=2592000,quic=\":443\"; ma=2592000; v=\"46,43\"","accept-ranges":"none","transfer-encoding":"chunked"}
[info] ✔  database: required API firebasedatabase.googleapis.com is enabled 
[info] 
[debug] [2021-11-07T19:27:31.865Z] >>> HTTP REQUEST GET https://firebasedatabase.googleapis.com/v1beta/projects/react-quize-fa158/locations/-/instances/react-quize-fa158-default-rtdb  
 
[debug] [2021-11-07T19:27:32.568Z] <<< HTTP RESPONSE 200 {"content-type":"application/json; charset=UTF-8","vary":"X-Origin, Referer, Origin,Accept-Encoding","date":"Sun, 07 Nov 2021 19:27:32 GMT","server":"ESF","cache-control":"private","x-xss-protection":"0","x-frame-options":"SAMEORIGIN","x-content-type-options":"nosniff","alt-svc":"h3=\":443\"; ma=2592000,h3-29=\":443\"; ma=2592000,h3-Q050=\":443\"; ma=2592000,h3-Q046=\":443\"; ma=2592000,h3-Q043=\":443\"; ma=2592000,quic=\":443\"; ma=2592000; v=\"46,43\"","accept-ranges":"none","transfer-encoding":"chunked"}
[info] 
[info] Firebase Realtime Database Security Rules allow you to define how your data should be
[info] structured and when your data can be read from and written to.
[info] 
[debug] [2021-11-07T19:28:18.012Z] >>> HTTP REQUEST GET https://react-quize-fa158-default-rtdb.firebaseio.com/.settings/rules.json  
 
[debug] [2021-11-07T19:28:18.626Z] <<< HTTP RESPONSE 200 {"server":"nginx","date":"Sun, 07 Nov 2021 19:28:18 GMT","content-type":"application/json; charset=utf-8","content-length":"121","connection":"keep-alive","access-control-allow-origin":"*","cache-control":"no-cache","strict-transport-security":"max-age=31556926; includeSubDomains; preload"}
[info] ✔  Database Rules for react-quize-fa158-default-rtdb have been written to database.rules.json. 
[info] Future modifications to database.rules.json will update Realtime Database Security Rules when you run
[info] firebase deploy.
[info] 
=== Hosting Setup
[info] 
[info] Your public directory is the folder (relative to your project directory) that
[info] will contain Hosting assets to be uploaded with firebase deploy. If you
[info] have a build process for your assets, use your build's output directory.
[info] 
[debug] [2021-11-07T19:28:36.427Z] >>> [apiv2][query] GET https://www.gstatic.com/firebasejs/releases.json [none]
[debug] [2021-11-07T19:28:36.505Z] <<< [apiv2][status] GET https://www.gstatic.com/firebasejs/releases.json 200
[debug] [2021-11-07T19:28:36.506Z] <<< [apiv2][body] GET https://www.gstatic.com/firebasejs/releases.json {"current":{"version":"9.3.0","browserURL":"https://www.gstatic.com/firebasejs/9.3.0/firebase.js","packageURL":"https://www.gstatic.com/firebasejs/9.3.0/firebase.tgz"},"live":{"version":"9.3","browserURL":"https://www.gstatic.com/firebasejs/live/9.3/firebase.js","packageURL":"https://www.gstatic.com/firebasejs/live/9.3/firebase.tgz"},"components":{"analytics":"https://www.gstatic.com/firebasejs/9.3.0/firebase-analytics.js","app":"https://www.gstatic.com/firebasejs/9.3.0/firebase-app.js","app-check":"https://www.gstatic.com/firebasejs/9.3.0/firebase-app-check.js","auth":"https://www.gstatic.com/firebasejs/9.3.0/firebase-auth.js","auth/cordova":"https://www.gstatic.com/firebasejs/9.3.0/firebase-auth/cordova.js","auth/react-native":"https://www.gstatic.com/firebasejs/9.3.0/firebase-auth/react-native.js","functions":"https://www.gstatic.com/firebasejs/9.3.0/firebase-functions.js","firestore":"https://www.gstatic.com/firebasejs/9.3.0/firebase-firestore.js","firestore/lite":"https://www.gstatic.com/firebasejs/9.3.0/firebase-firestore/lite.js","storage":"https://www.gstatic.com/firebasejs/9.3.0/firebase-storage.js","performance":"https://www.gstatic.com/firebasejs/9.3.0/firebase-performance.js","remote-config":"https://www.gstatic.com/firebasejs/9.3.0/firebase-remote-config.js","messaging":"https://www.gstatic.com/firebasejs/9.3.0/firebase-messaging.js","messaging/sw":"https://www.gstatic.com/firebasejs/9.3.0/firebase-messaging/sw.js","database":"https://www.gstatic.com/firebasejs/9.3.0/firebase-database.js","firestore.memory":"https://www.gstatic.com/firebasejs/9.3.0/firebase-firestore.memory.js"}}
[info] i  Skipping write of build/index.html 
[info] 
[info] i  Detected a .git folder at /home/designer/GitHub/react-quiz 
[info] i  Authorizing with GitHub to upload your service account to a GitHub repository's secrets store. 
[info] 
[info] Visit this URL on this device to log in:
[info] https://github.com/login/oauth/authorize?client_id=89cf50f02ac6aaed3484&state=127783755&redirect_uri=http%3A%2F%2Flocalhost%3A9005&scope=read%3Auser%20repo%20public_repo
[info] 
[info] Waiting for authentication...
[debug] [2021-11-07T19:29:13.251Z] >>> HTTP REQUEST POST https://github.com/login/oauth/access_token  
 {"client_id":"89cf50f02ac6aaed3484","client_secret":"3330d14abc895d9a74d5f17cd7a00711fa2c5bf0","code":"40c13ff9111a66ae8163","redirect_uri":"http://localhost:9005","state":"127783755"}
[debug] [2021-11-07T19:29:13.598Z] <<< HTTP RESPONSE 200 {"server":"GitHub.com","date":"Sun, 07 Nov 2021 19:29:13 GMT","content-type":"application/json; charset=utf-8","transfer-encoding":"chunked","vary":"X-PJAX, X-PJAX-Container, Accept-Encoding, Accept, X-Requested-With","permissions-policy":"interest-cohort=()","etag":"W/\"e98590efd834fae5ad30964d0139f58e\"","cache-control":"max-age=0, private, must-revalidate","strict-transport-security":"max-age=31536000; includeSubdomains; preload","x-frame-options":"deny","x-content-type-options":"nosniff","x-xss-protection":"0","referrer-policy":"origin-when-cross-origin, strict-origin-when-cross-origin","expect-ct":"max-age=2592000, report-uri=\"https://api.github.com/_private/browser/errors\"","content-security-policy":"default-src 'none'; base-uri 'self'; block-all-mixed-content; child-src github.com/assets-cdn/worker/ gist.github.com/assets-cdn/worker/; connect-src 'self' uploads.github.com objects-origin.githubusercontent.com www.githubstatus.com collector.githubapp.com api.github.com github-cloud.s3.amazonaws.com github-production-repository-file-5c1aeb.s3.amazonaws.com github-production-upload-manifest-file-7fdce7.s3.amazonaws.com github-production-user-asset-6210df.s3.amazonaws.com cdn.optimizely.com logx.optimizely.com/v1/events translator.github.com wss://alive.github.com; font-src github.githubassets.com; form-action 'self' github.com gist.github.com objects-origin.githubusercontent.com; frame-ancestors 'none'; frame-src render.githubusercontent.com viewscreen.githubusercontent.com notebooks.githubusercontent.com; img-src 'self' data: github.githubassets.com identicons.github.com collector.githubapp.com github-cloud.s3.amazonaws.com secured-user-images.githubusercontent.com/ *.githubusercontent.com; manifest-src 'self'; media-src github.com user-images.githubusercontent.com/; script-src github.githubassets.com; style-src 'unsafe-inline' github.githubassets.com; worker-src github.com/assets-cdn/worker/ gist.github.com/assets-cdn/worker/","x-github-request-id":"DE3C:D363:171CB:1899F:61882909"}
[debug] [2021-11-07T19:29:13.611Z] >>> [apiv2][query] GET https://api.github.com/user [none]
[debug] [2021-11-07T19:29:14.054Z] <<< [apiv2][status] GET https://api.github.com/user 200
[debug] [2021-11-07T19:29:14.055Z] <<< [apiv2][body] GET https://api.github.com/user {"login":"s2000promax","id":16530319,"node_id":"MDQ6VXNlcjE2NTMwMzE5","avatar_url":"https://avatars.githubusercontent.com/u/16530319?v=4","gravatar_id":"","url":"https://api.github.com/users/s2000promax","html_url":"https://github.com/s2000promax","followers_url":"https://api.github.com/users/s2000promax/followers","following_url":"https://api.github.com/users/s2000promax/following{/other_user}","gists_url":"https://api.github.com/users/s2000promax/gists{/gist_id}","starred_url":"https://api.github.com/users/s2000promax/starred{/owner}{/repo}","subscriptions_url":"https://api.github.com/users/s2000promax/subscriptions","organizations_url":"https://api.github.com/users/s2000promax/orgs","repos_url":"https://api.github.com/users/s2000promax/repos","events_url":"https://api.github.com/users/s2000promax/events{/privacy}","received_events_url":"https://api.github.com/users/s2000promax/received_events","type":"User","site_admin":false,"name":"Stan","company":null,"blog":"","location":null,"email":null,"hireable":null,"bio":null,"twitter_username":null,"public_repos":14,"public_gists":0,"followers":0,"following":3,"created_at":"2016-01-03T22:43:58Z","updated_at":"2021-10-21T09:16:23Z","private_gists":0,"total_private_repos":2,"owned_private_repos":2,"disk_usage":7903,"collaborators":0,"two_factor_authentication":false,"plan":{"name":"free","space":976562499,"collaborators":0,"private_repos":10000}}
[info] 
[info] ✔  Success! Logged into GitHub as s2000promax 
[info] 
